#
# There is insufficient memory for the Java Runtime Environment to continue.
# Native memory allocation (malloc) failed to allocate 32744 bytes for ChunkPool::allocate
# Possible reasons:
#   The system is out of physical RAM or swap space
#   The process is running with CompressedOops enabled, and the Java Heap may be blocking the growth of the native heap
# Possible solutions:
#   Reduce memory load on the system
#   Increase physical memory or swap space
#   Check if swap backing store is full
#   Decrease Java heap size (-Xmx/-Xms)
#   Decrease number of Java threads
#   Decrease Java thread stack sizes (-Xss)
#   Set larger code cache with -XX:ReservedCodeCacheSize=
#   JVM is running with Unscaled Compressed Oops mode in which the Java heap is
#     placed in the first 4GB address space. The Java Heap base address is the
#     maximum limit for the native heap growth. Please use -XX:HeapBaseMinAddress
#     to set the Java Heap base and to place the Java Heap above 4GB virtual address.
# This output file may be truncated or incomplete.
#
#  Out of Memory Error (./open/src/hotspot/share/memory/arena.cpp:79), pid=20552, tid=12876
#
# JRE version: Java(TM) SE Runtime Environment (14.0.1+7) (build 14.0.1+7)
# Java VM: Java HotSpot(TM) 64-Bit Server VM (14.0.1+7, mixed mode, sharing, tiered, compressed oops, g1 gc, windows-amd64)
# No core dump will be written. Minidumps are not enabled by default on client versions of Windows
#

---------------  S U M M A R Y ------------

Command Line: -javaagent:C:\Program Files\JetBrains\IntelliJ IDEA Community Edition 2022.1.3\lib\idea_rt.jar=54266:C:\Program Files\JetBrains\IntelliJ IDEA Community Edition 2022.1.3\bin -Dfile.encoding=UTF-8 com.excel.data.ExcelDataImportAndViewApplication

Host: Intel(R) Core(TM) i5-10210U CPU @ 1.60GHz, 8 cores, 7G,  Windows 10 , 64 bit Build 19041 (10.0.19041.1806)
Time: Fri Jul 22 14:11:30 2022 India Standard Time elapsed time: 4169 seconds (0d 1h 9m 29s)

---------------  T H R E A D  ---------------

Current thread (0x000001555e462800):  JavaThread "C2 CompilerThread0" daemon [_thread_in_native, id=12876, stack(0x0000001a82f00000,0x0000001a83000000)]


Current CompileTask:
C2:4169447 7299   !   4       java.util.concurrent.ThreadPoolExecutor::getTask (177 bytes)

Stack: [0x0000001a82f00000,0x0000001a83000000]
Native frames: (J=compiled Java code, j=interpreted, Vv=VM code, C=native code)
V  [jvm.dll+0x5f840a]
V  [jvm.dll+0x741e4a]
V  [jvm.dll+0x7435ff]
V  [jvm.dll+0x743c43]
V  [jvm.dll+0x20d288]
V  [jvm.dll+0xabea6]
V  [jvm.dll+0xac1fc]
V  [jvm.dll+0x59c6f1]
V  [jvm.dll+0x2fcf29]
V  [jvm.dll+0xf409b]
V  [jvm.dll+0x29543b]
V  [jvm.dll+0xf3ecc]
V  [jvm.dll+0x2f74ec]
V  [jvm.dll+0x612e16]
V  [jvm.dll+0x612af1]
V  [jvm.dll+0x60dd0a]
V  [jvm.dll+0x60789f]
V  [jvm.dll+0x606f0c]
V  [jvm.dll+0x604ded]
V  [jvm.dll+0x17a3dc]
V  [jvm.dll+0x275e76]
V  [jvm.dll+0x60fc18]
V  [jvm.dll+0x60789f]
V  [jvm.dll+0x606f0c]
V  [jvm.dll+0x604ded]
V  [jvm.dll+0x17a3dc]
V  [jvm.dll+0x275e76]
V  [jvm.dll+0x60fc18]
V  [jvm.dll+0x60789f]
V  [jvm.dll+0x606f0c]
V  [jvm.dll+0x604ded]
V  [jvm.dll+0x17a3dc]
V  [jvm.dll+0x17af88]
V  [jvm.dll+0x275e76]
V  [jvm.dll+0x60fc18]
V  [jvm.dll+0x60789f]
V  [jvm.dll+0x606f0c]
V  [jvm.dll+0x604ded]
V  [jvm.dll+0x17a3dc]
V  [jvm.dll+0x275e76]
V  [jvm.dll+0x60fc18]
V  [jvm.dll+0x60789f]
V  [jvm.dll+0x606f0c]
V  [jvm.dll+0x604ded]
V  [jvm.dll+0x17a3dc]
V  [jvm.dll+0x17af88]
V  [jvm.dll+0x275e76]
V  [jvm.dll+0x60fc18]
V  [jvm.dll+0x60789f]
V  [jvm.dll+0x606f0c]
V  [jvm.dll+0x604ded]
V  [jvm.dll+0x17a3dc]
V  [jvm.dll+0x1e4d55]
V  [jvm.dll+0x1779cc]
V  [jvm.dll+0x1f4105]
V  [jvm.dll+0x1f22eb]
V  [jvm.dll+0x706a9d]
V  [jvm.dll+0x6ff8ba]
V  [jvm.dll+0x5f72c6]
C  [ucrtbase.dll+0x21bb2]
C  [KERNEL32.DLL+0x17034]
C  [ntdll.dll+0x52651]


---------------  P R O C E S S  ---------------

Threads class SMR info:
_java_thread_list=0x00000155644c2020, length=31, elements={
0x000001555e441800, 0x000001555e442800, 0x000001555e458000, 0x000001555e45e000,
0x000001555e45f000, 0x000001555e462800, 0x000001555e46f000, 0x000001555e472000,
0x000001555e426000, 0x000001555f0ce800, 0x000001555f0cf800, 0x00000155624c8800,
0x00000155624c9800, 0x00000155624cc000, 0x00000155624cd800, 0x00000155624cf000,
0x00000155624ca800, 0x00000155624cb000, 0x00000155624cc800, 0x00000155626eb800,
0x00000155626ed000, 0x00000155626ee000, 0x00000155626f2000, 0x00000155626ee800,
0x00000155626f1000, 0x00000155626ef800, 0x00000155626ec000, 0x00000155626f2800,
0x00000155626f3800, 0x00000155626f4800, 0x00000155626f6000
}

Java Threads: ( => current thread )
  0x000001555e441800 JavaThread "Reference Handler" daemon [_thread_blocked, id=9060, stack(0x0000001a82a00000,0x0000001a82b00000)]
  0x000001555e442800 JavaThread "Finalizer" daemon [_thread_blocked, id=8092, stack(0x0000001a82b00000,0x0000001a82c00000)]
  0x000001555e458000 JavaThread "Signal Dispatcher" daemon [_thread_blocked, id=15232, stack(0x0000001a82c00000,0x0000001a82d00000)]
  0x000001555e45e000 JavaThread "Attach Listener" daemon [_thread_blocked, id=17092, stack(0x0000001a82d00000,0x0000001a82e00000)]
  0x000001555e45f000 JavaThread "Service Thread" daemon [_thread_blocked, id=27376, stack(0x0000001a82e00000,0x0000001a82f00000)]
=>0x000001555e462800 JavaThread "C2 CompilerThread0" daemon [_thread_in_native, id=12876, stack(0x0000001a82f00000,0x0000001a83000000)]
  0x000001555e46f000 JavaThread "C1 CompilerThread0" daemon [_thread_blocked, id=5024, stack(0x0000001a83000000,0x0000001a83100000)]
  0x000001555e472000 JavaThread "Sweeper thread" daemon [_thread_blocked, id=17352, stack(0x0000001a83100000,0x0000001a83200000)]
  0x000001555e426000 JavaThread "Common-Cleaner" daemon [_thread_blocked, id=32120, stack(0x0000001a83200000,0x0000001a83300000)]
  0x000001555f0ce800 JavaThread "Monitor Ctrl-Break" daemon [_thread_in_native, id=35548, stack(0x0000001a83400000,0x0000001a83500000)]
  0x000001555f0cf800 JavaThread "Notification Thread" daemon [_thread_blocked, id=13388, stack(0x0000001a83500000,0x0000001a83600000)]
  0x00000155624c8800 JavaThread "Catalina-utility-1" [_thread_blocked, id=34332, stack(0x0000001a83c00000,0x0000001a83d00000)]
  0x00000155624c9800 JavaThread "Catalina-utility-2" [_thread_blocked, id=13488, stack(0x0000001a83d00000,0x0000001a83e00000)]
  0x00000155624cc000 JavaThread "container-0" [_thread_blocked, id=12008, stack(0x0000001a83e00000,0x0000001a83f00000)]
  0x00000155624cd800 JavaThread "mysql-cj-abandoned-connection-cleanup" daemon [_thread_blocked, id=25296, stack(0x0000001a83f00000,0x0000001a84000000)]
  0x00000155624cf000 JavaThread "http-nio-7373-BlockPoller" daemon [_thread_in_native, id=16024, stack(0x0000001a84500000,0x0000001a84600000)]
  0x00000155624ca800 JavaThread "http-nio-7373-exec-1" daemon [_thread_blocked, id=27064, stack(0x0000001a84600000,0x0000001a84700000)]
  0x00000155624cb000 JavaThread "http-nio-7373-exec-2" daemon [_thread_blocked, id=32748, stack(0x0000001a84700000,0x0000001a84800000)]
  0x00000155624cc800 JavaThread "http-nio-7373-exec-3" daemon [_thread_blocked, id=33592, stack(0x0000001a84800000,0x0000001a84900000)]
  0x00000155626eb800 JavaThread "http-nio-7373-exec-4" daemon [_thread_blocked, id=2628, stack(0x0000001a84900000,0x0000001a84a00000)]
  0x00000155626ed000 JavaThread "http-nio-7373-exec-5" daemon [_thread_blocked, id=26244, stack(0x0000001a84a00000,0x0000001a84b00000)]
  0x00000155626ee000 JavaThread "http-nio-7373-exec-6" daemon [_thread_blocked, id=30436, stack(0x0000001a84b00000,0x0000001a84c00000)]
  0x00000155626f2000 JavaThread "http-nio-7373-exec-7" daemon [_thread_blocked, id=28584, stack(0x0000001a84c00000,0x0000001a84d00000)]
  0x00000155626ee800 JavaThread "http-nio-7373-exec-8" daemon [_thread_blocked, id=9792, stack(0x0000001a84d00000,0x0000001a84e00000)]
  0x00000155626f1000 JavaThread "http-nio-7373-exec-9" daemon [_thread_blocked, id=8748, stack(0x0000001a84e00000,0x0000001a84f00000)]
  0x00000155626ef800 JavaThread "http-nio-7373-exec-10" daemon [_thread_blocked, id=21172, stack(0x0000001a84f00000,0x0000001a85000000)]
  0x00000155626ec000 JavaThread "http-nio-7373-ClientPoller" daemon [_thread_in_native, id=15960, stack(0x0000001a85000000,0x0000001a85100000)]
  0x00000155626f2800 JavaThread "http-nio-7373-Acceptor" daemon [_thread_in_native, id=11804, stack(0x0000001a85100000,0x0000001a85200000)]
  0x00000155626f3800 JavaThread "HikariPool-1 housekeeper" daemon [_thread_blocked, id=21392, stack(0x0000001a83a00000,0x0000001a83b00000)]
  0x00000155626f4800 JavaThread "DestroyJavaVM" [_thread_blocked, id=11668, stack(0x0000001a82300000,0x0000001a82400000)]
  0x00000155626f6000 JavaThread "HikariPool-1 connection adder" daemon [_thread_in_Java, id=6252, stack(0x0000001a82100000,0x0000001a82200000)]

Other Threads:
  0x000001555e43f800 VMThread "VM Thread" [stack: 0x0000001a82900000,0x0000001a82a00000] [id=30576]
  0x000001555f0d2000 WatcherThread [stack: 0x0000001a83600000,0x0000001a83700000] [id=19900]
  0x000001553f51b800 GCTaskThread "GC Thread#0" [stack: 0x0000001a82400000,0x0000001a82500000] [id=31020]
  0x000001555f60d000 GCTaskThread "GC Thread#1" [stack: 0x0000001a83700000,0x0000001a83800000] [id=2724]
  0x000001555f614800 GCTaskThread "GC Thread#2" [stack: 0x0000001a83800000,0x0000001a83900000] [id=1452]
  0x000001555f99e800 GCTaskThread "GC Thread#3" [stack: 0x0000001a83900000,0x0000001a83a00000] [id=20636]
  0x000001556383f800 GCTaskThread "GC Thread#4" [stack: 0x0000001a84100000,0x0000001a84200000] [id=25772]
  0x00000155625d6800 GCTaskThread "GC Thread#5" [stack: 0x0000001a84200000,0x0000001a84300000] [id=30272]
  0x0000015564420000 GCTaskThread "GC Thread#6" [stack: 0x0000001a84300000,0x0000001a84400000] [id=18404]
  0x0000015564421000 GCTaskThread "GC Thread#7" [stack: 0x0000001a84400000,0x0000001a84500000] [id=18912]
  0x000001553f52d800 ConcurrentGCThread "G1 Main Marker" [stack: 0x0000001a82500000,0x0000001a82600000] [id=28628]
  0x000001553f52f000 ConcurrentGCThread "G1 Conc#0" [stack: 0x0000001a82600000,0x0000001a82700000] [id=20884]
  0x00000155602b6000 ConcurrentGCThread "G1 Conc#1" [stack: 0x0000001a83b00000,0x0000001a83c00000] [id=9376]
  0x000001555e2b5800 ConcurrentGCThread "G1 Refine#0" [stack: 0x0000001a82700000,0x0000001a82800000] [id=24916]
  0x000001555e2b6000 ConcurrentGCThread "G1 Young RemSet Sampling" [stack: 0x0000001a82800000,0x0000001a82900000] [id=30372]

Threads with active compile tasks:
C2 CompilerThread0  4216555 7299   !   4       java.util.concurrent.ThreadPoolExecutor::getTask (177 bytes)

VM state:not at safepoint (normal execution)

VM Mutex/Monitor currently owned by a thread: None

Heap address: 0x0000000083000000, size: 2000 MB, Compressed Oops mode: 32-bit
Narrow klass base: 0x0000000800000000, Narrow klass shift: 3
Compressed class space size: 1073741824 Address: 0x0000000800b30000

Heap:
 garbage-first heap   total 66560K, used 47306K [0x0000000083000000, 0x0000000100000000)
  region size 1024K, 15 young (15360K), 3 survivors (3072K)
 Metaspace       used 66989K, capacity 68539K, committed 68604K, reserved 1107968K
  class space    used 8548K, capacity 9160K, committed 9216K, reserved 1048576K
Heap Regions: E=young(eden), S=young(survivor), O=old, HS=humongous(starts), HC=humongous(continues), CS=collection set, F=free, OA=open archive, CA=closed archive, TAMS=top-at-mark-start (previous, next)
|   0|0x0000000083000000, 0x0000000083100000, 0x0000000083100000|100%|HS|  |TAMS 0x0000000083100000, 0x0000000083000000| Complete 
|   1|0x0000000083100000, 0x0000000083200000, 0x0000000083200000|100%|HS|  |TAMS 0x0000000083200000, 0x0000000083100000| Complete 
|   2|0x0000000083200000, 0x0000000083300000, 0x0000000083300000|100%| O|  |TAMS 0x0000000083300000, 0x0000000083200000| Untracked 
|   3|0x0000000083300000, 0x0000000083400000, 0x0000000083400000|100%| O|  |TAMS 0x0000000083400000, 0x0000000083300000| Untracked 
|   4|0x0000000083400000, 0x0000000083500000, 0x0000000083500000|100%| O|  |TAMS 0x0000000083500000, 0x0000000083400000| Untracked 
|   5|0x0000000083500000, 0x0000000083600000, 0x0000000083600000|100%| O|  |TAMS 0x0000000083600000, 0x0000000083500000| Untracked 
|   6|0x0000000083600000, 0x0000000083700000, 0x0000000083700000|100%| O|  |TAMS 0x0000000083700000, 0x0000000083600000| Untracked 
|   7|0x0000000083700000, 0x0000000083800000, 0x0000000083800000|100%| O|  |TAMS 0x0000000083800000, 0x0000000083700000| Untracked 
|   8|0x0000000083800000, 0x000000008380f800, 0x0000000083900000|  6%| O|  |TAMS 0x000000008380f800, 0x0000000083800000| Untracked 
|   9|0x0000000083900000, 0x0000000083a00000, 0x0000000083a00000|100%| O|  |TAMS 0x0000000083a00000, 0x0000000083900000| Untracked 
|  10|0x0000000083a00000, 0x0000000083b00000, 0x0000000083b00000|100%| O|  |TAMS 0x0000000083b00000, 0x0000000083a00000| Untracked 
|  11|0x0000000083b00000, 0x0000000083c00000, 0x0000000083c00000|100%| O|  |TAMS 0x0000000083c00000, 0x0000000083b00000| Untracked 
|  12|0x0000000083c00000, 0x0000000083d00000, 0x0000000083d00000|100%| O|  |TAMS 0x0000000083d00000, 0x0000000083c00000| Untracked 
|  13|0x0000000083d00000, 0x0000000083e00000, 0x0000000083e00000|100%| O|  |TAMS 0x0000000083e00000, 0x0000000083d00000| Untracked 
|  14|0x0000000083e00000, 0x0000000083f00000, 0x0000000083f00000|100%| O|  |TAMS 0x0000000083f00000, 0x0000000083e00000| Untracked 
|  15|0x0000000083f00000, 0x0000000084000000, 0x0000000084000000|100%| O|  |TAMS 0x0000000084000000, 0x0000000083f00000| Untracked 
|  16|0x0000000084000000, 0x0000000084100000, 0x0000000084100000|100%| O|  |TAMS 0x0000000084100000, 0x0000000084000000| Untracked 
|  17|0x0000000084100000, 0x0000000084200000, 0x0000000084200000|100%| O|  |TAMS 0x0000000084200000, 0x0000000084100000| Untracked 
|  18|0x0000000084200000, 0x0000000084300000, 0x0000000084300000|100%| O|  |TAMS 0x0000000084300000, 0x0000000084200000| Untracked 
|  19|0x0000000084300000, 0x0000000084400000, 0x0000000084400000|100%| O|  |TAMS 0x0000000084400000, 0x0000000084300000| Untracked 
|  20|0x0000000084400000, 0x0000000084500000, 0x0000000084500000|100%| O|  |TAMS 0x0000000084500000, 0x0000000084400000| Untracked 
|  21|0x0000000084500000, 0x0000000084600000, 0x0000000084600000|100%| O|  |TAMS 0x0000000084600000, 0x0000000084500000| Untracked 
|  22|0x0000000084600000, 0x0000000084700000, 0x0000000084700000|100%| O|  |TAMS 0x0000000084700000, 0x0000000084600000| Untracked 
|  23|0x0000000084700000, 0x0000000084800000, 0x0000000084800000|100%| O|  |TAMS 0x0000000084800000, 0x0000000084700000| Untracked 
|  24|0x0000000084800000, 0x0000000084900000, 0x0000000084900000|100%| O|  |TAMS 0x0000000084900000, 0x0000000084800000| Untracked 
|  25|0x0000000084900000, 0x0000000084a00000, 0x0000000084a00000|100%| O|  |TAMS 0x0000000084a00000, 0x0000000084900000| Untracked 
|  26|0x0000000084a00000, 0x0000000084b00000, 0x0000000084b00000|100%| O|  |TAMS 0x0000000084b00000, 0x0000000084a00000| Untracked 
|  27|0x0000000084b00000, 0x0000000084c00000, 0x0000000084c00000|100%| O|  |TAMS 0x0000000084c00000, 0x0000000084b00000| Untracked 
|  28|0x0000000084c00000, 0x0000000084d00000, 0x0000000084d00000|100%| O|  |TAMS 0x0000000084d00000, 0x0000000084c00000| Untracked 
|  29|0x0000000084d00000, 0x0000000084e00000, 0x0000000084e00000|100%| O|  |TAMS 0x0000000084e00000, 0x0000000084d00000| Untracked 
|  30|0x0000000084e00000, 0x0000000084f00000, 0x0000000084f00000|100%| O|  |TAMS 0x0000000084f00000, 0x0000000084e00000| Untracked 
|  31|0x0000000084f00000, 0x0000000085000000, 0x0000000085000000|100%| O|  |TAMS 0x0000000085000000, 0x0000000084f00000| Untracked 
|  32|0x0000000085000000, 0x0000000085100000, 0x0000000085100000|100%| O|  |TAMS 0x0000000085100000, 0x0000000085000000| Untracked 
|  33|0x0000000085100000, 0x0000000085180c00, 0x0000000085200000| 50%| O|  |TAMS 0x000000008510e000, 0x0000000085100000| Untracked 
|  34|0x0000000085200000, 0x0000000085200000, 0x0000000085300000|  0%| F|  |TAMS 0x0000000085200000, 0x0000000085200000| Untracked 
|  35|0x0000000085300000, 0x0000000085300000, 0x0000000085400000|  0%| F|  |TAMS 0x0000000085300000, 0x0000000085300000| Untracked 
|  36|0x0000000085400000, 0x0000000085400000, 0x0000000085500000|  0%| F|  |TAMS 0x0000000085400000, 0x0000000085400000| Untracked 
|  37|0x0000000085500000, 0x0000000085500000, 0x0000000085600000|  0%| F|  |TAMS 0x0000000085500000, 0x0000000085500000| Untracked 
|  38|0x0000000085600000, 0x0000000085600000, 0x0000000085700000|  0%| F|  |TAMS 0x0000000085600000, 0x0000000085600000| Untracked 
|  39|0x0000000085700000, 0x0000000085700000, 0x0000000085800000|  0%| F|  |TAMS 0x0000000085700000, 0x0000000085700000| Untracked 
|  40|0x0000000085800000, 0x0000000085800000, 0x0000000085900000|  0%| F|  |TAMS 0x0000000085800000, 0x0000000085800000| Untracked 
|  41|0x0000000085900000, 0x0000000085900000, 0x0000000085a00000|  0%| F|  |TAMS 0x0000000085900000, 0x0000000085900000| Untracked 
|  42|0x0000000085a00000, 0x0000000085aa27e8, 0x0000000085b00000| 63%| S|CS|TAMS 0x0000000085a00000, 0x0000000085a00000| Complete 
|  43|0x0000000085b00000, 0x0000000085c00000, 0x0000000085c00000|100%| S|CS|TAMS 0x0000000085b00000, 0x0000000085b00000| Complete 
|  44|0x0000000085c00000, 0x0000000085d00000, 0x0000000085d00000|100%| S|CS|TAMS 0x0000000085c00000, 0x0000000085c00000| Complete 
|  45|0x0000000085d00000, 0x0000000085d00000, 0x0000000085e00000|  0%| F|  |TAMS 0x0000000085d00000, 0x0000000085d00000| Untracked 
|  46|0x0000000085e00000, 0x0000000085e00000, 0x0000000085f00000|  0%| F|  |TAMS 0x0000000085e00000, 0x0000000085e00000| Untracked 
|  47|0x0000000085f00000, 0x0000000085f00000, 0x0000000086000000|  0%| F|  |TAMS 0x0000000085f00000, 0x0000000085f00000| Untracked 
|  48|0x0000000086000000, 0x0000000086000000, 0x0000000086100000|  0%| F|  |TAMS 0x0000000086000000, 0x0000000086000000| Untracked 
|  49|0x0000000086100000, 0x0000000086100000, 0x0000000086200000|  0%| F|  |TAMS 0x0000000086100000, 0x0000000086100000| Untracked 
|  50|0x0000000086200000, 0x0000000086200000, 0x0000000086300000|  0%| F|  |TAMS 0x0000000086200000, 0x0000000086200000| Untracked 
|  51|0x0000000086300000, 0x0000000086300000, 0x0000000086400000|  0%| F|  |TAMS 0x0000000086300000, 0x0000000086300000| Untracked 
|  52|0x0000000086400000, 0x0000000086400000, 0x0000000086500000|  0%| F|  |TAMS 0x0000000086400000, 0x0000000086400000| Untracked 
|  53|0x0000000086500000, 0x0000000086515580, 0x0000000086600000|  8%| E|  |TAMS 0x0000000086500000, 0x0000000086500000| Complete 
|  54|0x0000000086600000, 0x0000000086700000, 0x0000000086700000|100%| E|CS|TAMS 0x0000000086600000, 0x0000000086600000| Complete 
|  55|0x0000000086700000, 0x0000000086800000, 0x0000000086800000|100%| E|CS|TAMS 0x0000000086700000, 0x0000000086700000| Complete 
|  56|0x0000000086800000, 0x0000000086900000, 0x0000000086900000|100%| E|CS|TAMS 0x0000000086800000, 0x0000000086800000| Complete 
|  57|0x0000000086900000, 0x0000000086a00000, 0x0000000086a00000|100%| E|CS|TAMS 0x0000000086900000, 0x0000000086900000| Complete 
|  58|0x0000000086a00000, 0x0000000086b00000, 0x0000000086b00000|100%| E|CS|TAMS 0x0000000086a00000, 0x0000000086a00000| Complete 
|  62|0x0000000086e00000, 0x0000000086f00000, 0x0000000086f00000|100%| E|CS|TAMS 0x0000000086e00000, 0x0000000086e00000| Complete 
|  63|0x0000000086f00000, 0x0000000087000000, 0x0000000087000000|100%| E|CS|TAMS 0x0000000086f00000, 0x0000000086f00000| Complete 
|  64|0x0000000087000000, 0x0000000087100000, 0x0000000087100000|100%| E|CS|TAMS 0x0000000087000000, 0x0000000087000000| Complete 
|  65|0x0000000087100000, 0x0000000087200000, 0x0000000087200000|100%| E|CS|TAMS 0x0000000087100000, 0x0000000087100000| Complete 
|  66|0x0000000087200000, 0x0000000087300000, 0x0000000087300000|100%| E|CS|TAMS 0x0000000087200000, 0x0000000087200000| Complete 
| 125|0x000000008ad00000, 0x000000008ae00000, 0x000000008ae00000|100%| E|CS|TAMS 0x000000008ad00000, 0x000000008ad00000| Complete 

Card table byte_map: [0x00000155573a0000,0x0000015557790000] _byte_map_base: 0x0000015556f88000

Marking Bits (Prev, Next): (CMBitMap*) 0x000001553f51c2c8, (CMBitMap*) 0x000001553f51c308
 Prev Bits: [0x0000015557b80000, 0x0000015559ac0000)
 Next Bits: [0x0000015559ac0000, 0x000001555ba00000)

Polling page: 0x000001553ecb0000

Metaspace:

Usage:
  Non-class:     57.99 MB capacity,    57.07 MB ( 98%) used,   737.98 KB (  1%) free+waste,   199.88 KB ( <1%) overhead. 
      Class:      8.95 MB capacity,     8.35 MB ( 93%) used,   517.29 KB (  6%) free+waste,    94.44 KB (  1%) overhead. 
       Both:     66.93 MB capacity,    65.42 MB ( 98%) used,     1.23 MB (  2%) free+waste,   294.31 KB ( <1%) overhead. 

Virtual space:
  Non-class space:       58.00 MB reserved,      58.00 MB (>99%) committed 
      Class space:        1.00 GB reserved,       9.00 MB ( <1%) committed 
             Both:        1.06 GB reserved,      67.00 MB (  6%) committed 

Chunk freelists:
   Non-Class:  9.00 KB
       Class:  0 bytes
        Both:  9.00 KB

MaxMetaspaceSize: 17179869184.00 GB
CompressedClassSpaceSize: 1.00 GB

CodeHeap 'non-profiled nmethods': size=120000Kb used=3819Kb max_used=3819Kb free=116180Kb
 bounds [0x000001554f750000, 0x000001554fb10000, 0x0000015556c80000]
CodeHeap 'profiled nmethods': size=120000Kb used=13345Kb max_used=13345Kb free=106654Kb
 bounds [0x0000015548220000, 0x0000015548f30000, 0x000001554f750000]
CodeHeap 'non-nmethods': size=5760Kb used=1351Kb max_used=1386Kb free=4408Kb
 bounds [0x0000015547c80000, 0x0000015547ef0000, 0x0000015548220000]
 total_blobs=10208 nmethods=6095 adapters=564
 compilation: enabled
              stopped_count=0, restarted_count=0
 full_count=0

Compilation events (20 events):
Event: 3890.291 Thread 0x000001555e46f000 nmethod 7284 0x0000015548f27b90 code [0x0000015548f27dc0, 0x0000015548f28668]
Event: 3890.703 Thread 0x000001555e46f000 7282       3       org.springframework.boot.web.embedded.tomcat.TomcatServletWebServerFactory$DisablePersistSessionListener::lifecycleEvent (43 bytes)
Event: 3905.882 Thread 0x000001555e46f000 nmethod 7282 0x0000015548f28a90 code [0x0000015548f28ca0, 0x0000015548f29608]
Event: 3906.453 Thread 0x000001555e46f000 7283       3       org.springframework.boot.autoconfigure.web.embedded.TomcatWebServerFactoryCustomizer$$Lambda$531/0x0000000800e80c40::lifecycleEvent (13 bytes)
Event: 3909.065 Thread 0x000001555e46f000 nmethod 7283 0x0000015548f29890 code [0x0000015548f29a40, 0x0000015548f29ba8]
Event: 3910.132 Thread 0x000001555e46f000 7285       3       org.springframework.boot.web.embedded.tomcat.TomcatWebServer$$Lambda$532/0x0000000800e87840::lifecycleEvent (13 bytes)
Event: 3917.450 Thread 0x000001555e46f000 nmethod 7285 0x0000015548f29c90 code [0x0000015548f29e60, 0x0000015548f2a268]
Event: 3936.490 Thread 0x000001555e46f000 7291       1       com.zaxxer.hikari.pool.HikariPool::access$500 (5 bytes)
Event: 3942.830 Thread 0x000001555e46f000 nmethod 7291 0x000001554fb09710 code [0x000001554fb098a0, 0x000001554fb09938]
Event: 3968.507 Thread 0x000001555e462800 7294       4       java.util.HashMap::valuesToArray (81 bytes)
Event: 3981.243 Thread 0x000001555e462800 nmethod 7294 0x000001554fb09a10 code [0x000001554fb09be0, 0x000001554fb0a1d8]
Event: 4085.640 Thread 0x000001555e46f000 7295       3       java.lang.StringLatin1$CharsSpliterator::estimateSize (11 bytes)
Event: 4085.641 Thread 0x000001555e46f000 nmethod 7295 0x0000015548f2a410 code [0x0000015548f2a5a0, 0x0000015548f2a6d8]
Event: 4085.898 Thread 0x000001555e46f000 7296       3       java.lang.StringLatin1$CharsSpliterator::tryAdvance (60 bytes)
Event: 4086.725 Thread 0x000001555e46f000 nmethod 7296 0x0000015548f2a790 code [0x0000015548f2a960, 0x0000015548f2ad38]
Event: 4107.294 Thread 0x000001555e462800 7297       4       java.util.concurrent.ThreadPoolExecutor$Worker::unlock (7 bytes)
Event: 4117.416 Thread 0x000001555e462800 nmethod 7297 0x000001554fb0a410 code [0x000001554fb0a5a0, 0x000001554fb0a728]
Event: 4117.416 Thread 0x000001555e462800 7298       4       java.util.concurrent.ThreadPoolExecutor$Worker::lock (6 bytes)
Event: 4117.457 Thread 0x000001555e462800 nmethod 7298 0x000001554fb0a890 code [0x000001554fb0aa20, 0x000001554fb0ab98]
Event: 4119.226 Thread 0x000001555e462800 7299   !   4       java.util.concurrent.ThreadPoolExecutor::getTask (177 bytes)

GC Heap History (20 events):
Event: 8.301 GC heap before
{Heap before GC invocations=15 (full 0):
 garbage-first heap   total 61440K, used 48108K [0x0000000083000000, 0x0000000100000000)
  region size 1024K, 27 young (27648K), 4 survivors (4096K)
 Metaspace       used 44724K, capacity 45866K, committed 46204K, reserved 1089536K
  class space    used 5744K, capacity 6183K, committed 6272K, reserved 1048576K
}
Event: 8.307 GC heap after
{Heap after GC invocations=16 (full 0):
 garbage-first heap   total 61440K, used 25839K [0x0000000083000000, 0x0000000100000000)
  region size 1024K, 4 young (4096K), 4 survivors (4096K)
 Metaspace       used 44724K, capacity 45866K, committed 46204K, reserved 1089536K
  class space    used 5744K, capacity 6183K, committed 6272K, reserved 1048576K
}
Event: 9.671 GC heap before
{Heap before GC invocations=16 (full 0):
 garbage-first heap   total 61440K, used 46319K [0x0000000083000000, 0x0000000100000000)
  region size 1024K, 25 young (25600K), 4 survivors (4096K)
 Metaspace       used 47333K, capacity 48462K, committed 48508K, reserved 1091584K
  class space    used 6084K, capacity 6515K, committed 6528K, reserved 1048576K
}
Event: 9.675 GC heap after
{Heap after GC invocations=17 (full 0):
 garbage-first heap   total 61440K, used 27414K [0x0000000083000000, 0x0000000100000000)
  region size 1024K, 3 young (3072K), 3 survivors (3072K)
 Metaspace       used 47333K, capacity 48462K, committed 48508K, reserved 1091584K
  class space    used 6084K, capacity 6515K, committed 6528K, reserved 1048576K
}
Event: 10.356 GC heap before
{Heap before GC invocations=17 (full 0):
 garbage-first heap   total 61440K, used 47894K [0x0000000083000000, 0x0000000100000000)
  region size 1024K, 23 young (23552K), 3 survivors (3072K)
 Metaspace       used 51137K, capacity 52357K, committed 52604K, reserved 1095680K
  class space    used 6736K, capacity 7212K, committed 7296K, reserved 1048576K
}
Event: 10.359 GC heap after
{Heap after GC invocations=18 (full 0):
 garbage-first heap   total 61440K, used 28174K [0x0000000083000000, 0x0000000100000000)
  region size 1024K, 1 young (1024K), 1 survivors (1024K)
 Metaspace       used 51137K, capacity 52357K, committed 52604K, reserved 1095680K
  class space    used 6736K, capacity 7212K, committed 7296K, reserved 1048576K
}
Event: 192.173 GC heap before
{Heap before GC invocations=18 (full 0):
 garbage-first heap   total 61440K, used 47630K [0x0000000083000000, 0x0000000100000000)
  region size 1024K, 21 young (21504K), 1 survivors (1024K)
 Metaspace       used 54365K, capacity 55754K, committed 55804K, reserved 1097728K
  class space    used 7131K, capacity 7662K, committed 7680K, reserved 1048576K
}
Event: 192.178 GC heap after
{Heap after GC invocations=19 (full 0):
 garbage-first heap   total 61440K, used 29059K [0x0000000083000000, 0x0000000100000000)
  region size 1024K, 2 young (2048K), 2 survivors (2048K)
 Metaspace       used 54365K, capacity 55754K, committed 55804K, reserved 1097728K
  class space    used 7131K, capacity 7662K, committed 7680K, reserved 1048576K
}
Event: 349.977 GC heap before
{Heap before GC invocations=20 (full 0):
 garbage-first heap   total 61440K, used 48515K [0x0000000083000000, 0x0000000100000000)
  region size 1024K, 22 young (22528K), 2 survivors (2048K)
 Metaspace       used 58441K, capacity 59805K, committed 59900K, reserved 1101824K
  class space    used 7592K, capacity 8115K, committed 8192K, reserved 1048576K
}
Event: 349.981 GC heap after
{Heap after GC invocations=21 (full 0):
 garbage-first heap   total 61440K, used 29774K [0x0000000083000000, 0x0000000100000000)
  region size 1024K, 3 young (3072K), 3 survivors (3072K)
 Metaspace       used 58441K, capacity 59805K, committed 59900K, reserved 1101824K
  class space    used 7592K, capacity 8115K, committed 8192K, reserved 1048576K
}
Event: 351.201 GC heap before
{Heap before GC invocations=21 (full 0):
 garbage-first heap   total 61440K, used 48206K [0x0000000083000000, 0x0000000100000000)
  region size 1024K, 22 young (22528K), 3 survivors (3072K)
 Metaspace       used 62693K, capacity 64183K, committed 64252K, reserved 1105920K
  class space    used 8100K, capacity 8689K, committed 8704K, reserved 1048576K
}
Event: 351.213 GC heap after
{Heap after GC invocations=22 (full 0):
 garbage-first heap   total 61440K, used 31123K [0x0000000083000000, 0x0000000100000000)
  region size 1024K, 3 young (3072K), 3 survivors (3072K)
 Metaspace       used 62693K, capacity 64183K, committed 64252K, reserved 1105920K
  class space    used 8100K, capacity 8689K, committed 8704K, reserved 1048576K
}
Event: 352.124 GC heap before
{Heap before GC invocations=23 (full 0):
 garbage-first heap   total 61440K, used 47507K [0x0000000083000000, 0x0000000100000000)
  region size 1024K, 20 young (20480K), 3 survivors (3072K)
 Metaspace       used 65059K, capacity 66552K, committed 66684K, reserved 1107968K
  class space    used 8406K, capacity 8983K, committed 9088K, reserved 1048576K
}
Event: 352.129 GC heap after
{Heap after GC invocations=24 (full 0):
 garbage-first heap   total 61440K, used 32878K [0x0000000083000000, 0x0000000100000000)
  region size 1024K, 3 young (3072K), 3 survivors (3072K)
 Metaspace       used 65059K, capacity 66552K, committed 66684K, reserved 1107968K
  class space    used 8406K, capacity 8983K, committed 9088K, reserved 1048576K
}
Event: 1764.909 GC heap before
{Heap before GC invocations=24 (full 0):
 garbage-first heap   total 61440K, used 49262K [0x0000000083000000, 0x0000000100000000)
  region size 1024K, 19 young (19456K), 3 survivors (3072K)
 Metaspace       used 66722K, capacity 68290K, committed 68604K, reserved 1107968K
  class space    used 8524K, capacity 9147K, committed 9216K, reserved 1048576K
}
Event: 1764.923 GC heap after
{Heap after GC invocations=25 (full 0):
 garbage-first heap   total 61440K, used 33596K [0x0000000083000000, 0x0000000100000000)
  region size 1024K, 1 young (1024K), 1 survivors (1024K)
 Metaspace       used 66722K, capacity 68290K, committed 68604K, reserved 1107968K
  class space    used 8524K, capacity 9147K, committed 9216K, reserved 1048576K
}
Event: 1789.524 GC heap before
{Heap before GC invocations=26 (full 0):
 garbage-first heap   total 65536K, used 48956K [0x0000000083000000, 0x0000000100000000)
  region size 1024K, 16 young (16384K), 1 survivors (1024K)
 Metaspace       used 66753K, capacity 68296K, committed 68604K, reserved 1107968K
  class space    used 8524K, capacity 9148K, committed 9216K, reserved 1048576K
}
Event: 1789.527 GC heap after
{Heap after GC invocations=27 (full 0):
 garbage-first heap   total 65536K, used 34741K [0x0000000083000000, 0x0000000100000000)
  region size 1024K, 2 young (2048K), 2 survivors (2048K)
 Metaspace       used 66753K, capacity 68296K, committed 68604K, reserved 1107968K
  class space    used 8524K, capacity 9148K, committed 9216K, reserved 1048576K
}
Event: 1799.203 GC heap before
{Heap before GC invocations=27 (full 0):
 garbage-first heap   total 65536K, used 52149K [0x0000000083000000, 0x0000000100000000)
  region size 1024K, 19 young (19456K), 2 survivors (2048K)
 Metaspace       used 66795K, capacity 68326K, committed 68604K, reserved 1107968K
  class space    used 8527K, capacity 9153K, committed 9216K, reserved 1048576K
}
Event: 1799.211 GC heap after
{Heap after GC invocations=28 (full 0):
 garbage-first heap   total 65536K, used 36042K [0x0000000083000000, 0x0000000100000000)
  region size 1024K, 3 young (3072K), 3 survivors (3072K)
 Metaspace       used 66795K, capacity 68326K, committed 68604K, reserved 1107968K
  class space    used 8527K, capacity 9153K, committed 9216K, reserved 1048576K
}

Deoptimization events (20 events):
Event: 3682.215 Thread 0x00000155626f3800 Uncommon trap: trap_request=0xffffff45 fr.pc=0x000001554f769b84 relative=0x0000000000000164
Event: 3682.517 Thread 0x00000155626f3800 Uncommon trap: reason=unstable_if action=reinterpret pc=0x000001554f769b84 method=java.lang.StringCoding.hasNegatives([BII)Z @ 12 c2
Event: 3682.517 Thread 0x00000155626f3800 DEOPT PACKING pc=0x000001554f769b84 sp=0x0000001a83afea10
Event: 3682.590 Thread 0x00000155626f3800 DEOPT UNPACKING pc=0x0000015547cc912f sp=0x0000001a83afe9b8 mode 2
Event: 3703.217 Thread 0x00000155624c8800 Uncommon trap: trap_request=0xffffffd6 fr.pc=0x000001554fb09078 relative=0x0000000000000498
Event: 3703.217 Thread 0x00000155624c8800 Uncommon trap: reason=array_check action=maybe_recompile pc=0x000001554fb09078 method=java.util.HashMap.valuesToArray([Ljava/lang/Object;)[Ljava/lang/Object; @ 62 c2
Event: 3703.217 Thread 0x00000155624c8800 DEOPT PACKING pc=0x000001554fb09078 sp=0x0000001a83cfeb80
Event: 3704.989 Thread 0x00000155624c8800 DEOPT UNPACKING pc=0x0000015547cc912f sp=0x0000001a83cfeb08 mode 2
Event: 3705.002 Thread 0x00000155624c8800 Uncommon trap: trap_request=0xffffffd6 fr.pc=0x000001554fb09078 relative=0x0000000000000498
Event: 3705.002 Thread 0x00000155624c8800 Uncommon trap: reason=array_check action=maybe_recompile pc=0x000001554fb09078 method=java.util.HashMap.valuesToArray([Ljava/lang/Object;)[Ljava/lang/Object; @ 62 c2
Event: 3705.002 Thread 0x00000155624c8800 DEOPT PACKING pc=0x000001554fb09078 sp=0x0000001a83cfeac0
Event: 3705.002 Thread 0x00000155624c8800 DEOPT UNPACKING pc=0x0000015547cc912f sp=0x0000001a83cfea48 mode 2
Event: 3705.002 Thread 0x00000155624c8800 Uncommon trap: trap_request=0xffffffd6 fr.pc=0x000001554fb09078 relative=0x0000000000000498
Event: 3705.002 Thread 0x00000155624c8800 Uncommon trap: reason=array_check action=maybe_recompile pc=0x000001554fb09078 method=java.util.HashMap.valuesToArray([Ljava/lang/Object;)[Ljava/lang/Object; @ 62 c2
Event: 3705.002 Thread 0x00000155624c8800 DEOPT PACKING pc=0x000001554fb09078 sp=0x0000001a83cfea00
Event: 3705.002 Thread 0x00000155624c8800 DEOPT UNPACKING pc=0x0000015547cc912f sp=0x0000001a83cfe988 mode 2
Event: 3715.011 Thread 0x00000155624c8800 Uncommon trap: trap_request=0xffffffd6 fr.pc=0x000001554fb09078 relative=0x0000000000000498
Event: 3715.011 Thread 0x00000155624c8800 Uncommon trap: reason=array_check action=maybe_recompile pc=0x000001554fb09078 method=java.util.HashMap.valuesToArray([Ljava/lang/Object;)[Ljava/lang/Object; @ 62 c2
Event: 3715.011 Thread 0x00000155624c8800 DEOPT PACKING pc=0x000001554fb09078 sp=0x0000001a83cfeb80
Event: 3715.070 Thread 0x00000155624c8800 DEOPT UNPACKING pc=0x0000015547cc912f sp=0x0000001a83cfeb08 mode 2

Classes unloaded (0 events):
No events

Classes redefined (0 events):
No events

Internal exceptions (20 events):
Event: 8.076 Thread 0x00000155624ce800 Exception <a 'java/lang/NoSuchMethodError'{0x00000000872344d8}: 'java.lang.Object java.lang.invoke.DirectMethodHandle$Holder.invokeStaticInit(java.lang.Object, java.lang.Object, java.lang.Object, java.lang.Object)'> (0x00000000872344d8) 
thrown [./open/src/hotspot/share/interpreter/linkResolver.cpp, line 766]
Event: 8.301 Thread 0x00000155624ce800 Implicit null exception at 0x000001554f9baf21 to 0x000001554f9bb75c
Event: 8.443 Thread 0x00000155624ce800 Exception <a 'java/lang/NoSuchMethodError'{0x00000000860deb88}: 'java.lang.Object java.lang.invoke.DirectMethodHandle$Holder.newInvokeSpecial(java.lang.Object, java.lang.Object, int, java.lang.Object, java.lang.Object)'> (0x00000000860deb88) 
thrown [./open/src/hotspot/share/interpreter/linkResolver.cpp, line 766]
Event: 10.062 Thread 0x00000155624ce800 Exception <a 'java/lang/NoSuchMethodError'{0x000000008618eb70}: 'void java.lang.invoke.DirectMethodHandle$Holder.invokeInterface(java.lang.Object, java.lang.Object)'> (0x000000008618eb70) 
thrown [./open/src/hotspot/share/interpreter/linkResolver.cpp, line 766]
Event: 10.097 Thread 0x00000155624ce800 Exception <a 'java/lang/NoSuchMethodError'{0x000000008604bfb0}: 'java.lang.Object java.lang.invoke.DirectMethodHandle$Holder.invokeStaticInit(java.lang.Object, java.lang.Object, java.lang.Object, java.lang.Object, int, int)'> (0x000000008604bfb0) 
thrown [./open/src/hotspot/share/interpreter/linkResolver.cpp, line 766]
Event: 10.373 Thread 0x000001553f4d8000 Exception <a 'java/lang/NoSuchMethodError'{0x000000008add7f10}: 'java.lang.Object java.lang.invoke.DirectMethodHandle$Holder.invokeSpecialIFC(java.lang.Object, java.lang.Object, java.lang.Object)'> (0x000000008add7f10) 
thrown [./open/src/hotspot/share/interpreter/linkResolver.cpp, line 766]
Event: 10.449 Thread 0x000001553f4d8000 Exception <a 'java/lang/ClassNotFoundException'{0x0000000086e32b68}: java/lang/ObjectCustomizer> (0x0000000086e32b68) 
thrown [./open/src/hotspot/share/classfile/systemDictionary.cpp, line 226]
Event: 10.450 Thread 0x000001553f4d8000 Exception <a 'java/lang/ClassNotFoundException'{0x0000000086e42f70}: com/excel/data/model/EmployeeCustomizer> (0x0000000086e42f70) 
thrown [./open/src/hotspot/share/classfile/systemDictionary.cpp, line 226]
Event: 10.467 Thread 0x000001553f4d8000 Exception <a 'java/lang/NoSuchMethodError'{0x000000008653ba58}: 'int java.lang.invoke.DirectMethodHandle$Holder.invokeVirtual(java.lang.Object, java.lang.Object, java.lang.Object)'> (0x000000008653ba58) 
thrown [./open/src/hotspot/share/interpreter/linkResolver.cpp, line 766]
Event: 10.494 Thread 0x000001553f4d8000 Exception <a 'java/lang/IncompatibleClassChangeError'{0x000000008647cba0}: Found class java.lang.Object, but interface was expected> (0x000000008647cba0) 
thrown [./open/src/hotspot/share/interpreter/linkResolver.cpp, line 832]
Event: 350.344 Thread 0x00000155626ed000 Exception <a 'java/lang/NoSuchMethodError'{0x0000000087067748}: 'void java.lang.invoke.DirectMethodHandle$Holder.invokeStatic(java.lang.Object, java.lang.Object, java.lang.Object, int)'> (0x0000000087067748) 
thrown [./open/src/hotspot/share/interpreter/linkResolver.cpp, line 766]
Event: 350.345 Thread 0x00000155626ed000 Exception <a 'java/lang/NoSuchMethodError'{0x000000008706a6f0}: 'void java.lang.invoke.DirectMethodHandle$Holder.invokeStaticInit(java.lang.Object, java.lang.Object, java.lang.Object, int)'> (0x000000008706a6f0) 
thrown [./open/src/hotspot/share/interpreter/linkResolver.cpp, line 766]
Event: 350.786 Thread 0x00000155626ed000 Exception <a 'java/lang/NoSuchMethodError'{0x00000000861b4e48}: 'java.lang.Object java.lang.invoke.DirectMethodHandle$Holder.newInvokeSpecial(java.lang.Object, java.lang.Object, java.lang.Object)'> (0x00000000861b4e48) 
thrown [./open/src/hotspot/share/interpreter/linkResolver.cpp, line 766]
Event: 352.213 Thread 0x00000155626ed000 Exception <a 'java/lang/ClassNotFoundException'{0x00000000872786c8}: java/lang/ObjectCustomizer> (0x00000000872786c8) 
thrown [./open/src/hotspot/share/classfile/systemDictionary.cpp, line 226]
Event: 352.217 Thread 0x00000155626ed000 Exception <a 'java/lang/ClassNotFoundException'{0x000000008728bb90}: com/excel/data/model/EmployeeCustomizer> (0x000000008728bb90) 
thrown [./open/src/hotspot/share/classfile/systemDictionary.cpp, line 226]
Event: 352.659 Thread 0x00000155626ed000 Implicit null exception at 0x000001554f87541f to 0x000001554f87563c
Event: 383.351 Thread 0x00000155626f2000 Exception <a 'java/lang/NoSuchMethodError'{0x000000008626c838}: 'java.lang.Object java.lang.invoke.DirectMethodHandle$Holder.invokeStaticInit(java.lang.Object, java.lang.Object, java.lang.Object, java.lang.Object, java.lang.Object, java.lang.Object)'> (0x000000008626c838) 
thrown [./open/src/hotspot/share/interpreter/linkResolver.cpp, line 766]
Event: 1764.889 Thread 0x00000155626f5000 Exception <a 'java/io/IOException'{0x0000000085d5fb18}> (0x0000000085d5fb18) 
thrown [./open/src/hotspot/share/prims/jni.cpp, line 599]
Event: 1764.890 Thread 0x00000155626f5000 Exception <a 'java/io/IOException'{0x0000000085d60428}> (0x0000000085d60428) 
thrown [./open/src/hotspot/share/prims/jni.cpp, line 599]
Event: 1766.612 Thread 0x00000155626f5000 Exception <a 'java/net/SocketException'{0x0000000087167a90}: Connection reset by peer: shutdown> (0x0000000087167a90) 
thrown [./open/src/hotspot/share/prims/jni.cpp, line 620]

Events (20 events):
Event: 3832.443 Executing VM operation: HandshakeOneThread done
Event: 3833.105 Executing VM operation: BulkRevokeBias
Event: 3846.159 Executing VM operation: BulkRevokeBias done
Event: 3846.159 Executing VM operation: HandshakeOneThread
Event: 3846.159 Executing VM operation: HandshakeOneThread done
Event: 3847.319 Executing VM operation: HandshakeOneThread
Event: 3847.319 Executing VM operation: HandshakeOneThread done
Event: 3859.250 Executing VM operation: HandshakeOneThread
Event: 3859.250 Executing VM operation: HandshakeOneThread done
Event: 3861.639 Thread 0x00000155626f5000 Thread exited: 0x00000155626f5000
Event: 3887.817 Executing VM operation: HandshakeOneThread
Event: 3887.817 Executing VM operation: HandshakeOneThread done
Event: 3891.590 Executing VM operation: HandshakeOneThread
Event: 3891.590 Executing VM operation: HandshakeOneThread done
Event: 4061.389 loading class java/net/BindException
Event: 4064.798 loading class java/net/BindException done
Event: 4088.084 loading class java/text/FieldPosition$Delegate
Event: 4093.319 loading class java/text/FieldPosition$Delegate done
Event: 4114.711 Executing VM operation: HandshakeAllThreads
Event: 4114.771 Executing VM operation: HandshakeAllThreads done


Dynamic libraries:
0x00007ff7ec750000 - 0x00007ff7ec75f000 	C:\Program Files\Java\jdk-14.0.1\bin\java.exe
0x00007ffa84590000 - 0x00007ffa84788000 	C:\WINDOWS\SYSTEM32\ntdll.dll
0x00007ffa84370000 - 0x00007ffa8442d000 	C:\WINDOWS\System32\KERNEL32.DLL
0x00007ffa81e80000 - 0x00007ffa8214e000 	C:\WINDOWS\System32\KERNELBASE.dll
0x00007ffa81ce0000 - 0x00007ffa81de0000 	C:\WINDOWS\System32\ucrtbase.dll
0x00007ffa59810000 - 0x00007ffa59828000 	C:\Program Files\Java\jdk-14.0.1\bin\jli.dll
0x00007ffa762a0000 - 0x00007ffa762b5000 	C:\Program Files\Java\jdk-14.0.1\bin\VCRUNTIME140.dll
0x00007ffa82920000 - 0x00007ffa829ce000 	C:\WINDOWS\System32\ADVAPI32.dll
0x00007ffa82f00000 - 0x00007ffa82f9e000 	C:\WINDOWS\System32\msvcrt.dll
0x00007ffa835c0000 - 0x00007ffa8365c000 	C:\WINDOWS\System32\sechost.dll
0x00007ffa826d0000 - 0x00007ffa827f5000 	C:\WINDOWS\System32\RPCRT4.dll
0x00007ffa83350000 - 0x00007ffa834f0000 	C:\WINDOWS\System32\USER32.dll
0x00007ffa81cb0000 - 0x00007ffa81cd2000 	C:\WINDOWS\System32\win32u.dll
0x00007ffa825f0000 - 0x00007ffa8261a000 	C:\WINDOWS\System32\GDI32.dll
0x00007ffa5bac0000 - 0x00007ffa5bd5a000 	C:\WINDOWS\WinSxS\amd64_microsoft.windows.common-controls_6595b64144ccf1df_6.0.19041.1110_none_60b5254171f9507e\COMCTL32.dll
0x00007ffa821d0000 - 0x00007ffa822db000 	C:\WINDOWS\System32\gdi32full.dll
0x00007ffa81de0000 - 0x00007ffa81e7d000 	C:\WINDOWS\System32\msvcp_win.dll
0x00007ffa795a0000 - 0x00007ffa795aa000 	C:\WINDOWS\SYSTEM32\VERSION.dll
0x00007ffa828f0000 - 0x00007ffa82920000 	C:\WINDOWS\System32\IMM32.DLL
0x00007ffa3bef0000 - 0x00007ffa3bf8b000 	C:\Program Files\Java\jdk-14.0.1\bin\msvcp140.dll
0x00007ffa1c630000 - 0x00007ffa1d14e000 	C:\Program Files\Java\jdk-14.0.1\bin\server\jvm.dll
0x00007ffa82ee0000 - 0x00007ffa82ee8000 	C:\WINDOWS\System32\PSAPI.DLL
0x00007ffa63d40000 - 0x00007ffa63d67000 	C:\WINDOWS\SYSTEM32\WINMM.dll
0x00007ffa7a7e0000 - 0x00007ffa7a7e9000 	C:\WINDOWS\SYSTEM32\WSOCK32.dll
0x00007ffa834f0000 - 0x00007ffa8355b000 	C:\WINDOWS\System32\WS2_32.dll
0x00007ffa7fbf0000 - 0x00007ffa7fc02000 	C:\WINDOWS\SYSTEM32\kernel.appcore.dll
0x00007ffa61470000 - 0x00007ffa6147a000 	C:\Program Files\Java\jdk-14.0.1\bin\jimage.dll
0x00007ffa7f4f0000 - 0x00007ffa7f6d4000 	C:\WINDOWS\SYSTEM32\DBGHELP.DLL
0x00007ffa66bf0000 - 0x00007ffa66c1c000 	C:\WINDOWS\SYSTEM32\dbgcore.DLL
0x00007ffa82560000 - 0x00007ffa825e2000 	C:\WINDOWS\System32\bcryptPrimitives.dll
0x00007ffa79ed0000 - 0x00007ffa79ede000 	C:\Program Files\Java\jdk-14.0.1\bin\instrument.dll
0x00007ffa596c0000 - 0x00007ffa596e5000 	C:\Program Files\Java\jdk-14.0.1\bin\java.dll
0x00007ffa589a0000 - 0x00007ffa589b6000 	C:\Program Files\Java\jdk-14.0.1\bin\zip.dll
0x00007ffa83c20000 - 0x00007ffa84364000 	C:\WINDOWS\System32\SHELL32.dll
0x00007ffa7fdb0000 - 0x00007ffa80544000 	C:\WINDOWS\SYSTEM32\windows.storage.dll
0x00007ffa82b80000 - 0x00007ffa82ed4000 	C:\WINDOWS\System32\combase.dll
0x00007ffa81640000 - 0x00007ffa81670000 	C:\WINDOWS\SYSTEM32\Wldp.dll
0x00007ffa83660000 - 0x00007ffa8370d000 	C:\WINDOWS\System32\SHCORE.dll
0x00007ffa82800000 - 0x00007ffa82855000 	C:\WINDOWS\System32\shlwapi.dll
0x00007ffa81bf0000 - 0x00007ffa81c0f000 	C:\WINDOWS\SYSTEM32\profapi.dll
0x00007ffa57500000 - 0x00007ffa57519000 	C:\Program Files\Java\jdk-14.0.1\bin\net.dll
0x00007ffa665c0000 - 0x00007ffa666ca000 	C:\WINDOWS\SYSTEM32\WINHTTP.dll
0x00007ffa813a0000 - 0x00007ffa8140a000 	C:\WINDOWS\system32\mswsock.dll
0x00007ffa574e0000 - 0x00007ffa574f2000 	C:\Program Files\Java\jdk-14.0.1\bin\nio.dll
0x00007ffa4b500000 - 0x00007ffa4b51a000 	C:\Program Files\JetBrains\IntelliJ IDEA Community Edition 2022.1.3\bin\breakgen64.dll
0x00007ffa5b080000 - 0x00007ffa5b090000 	C:\Program Files\Java\jdk-14.0.1\bin\verify.dll
0x00007ffa78ea0000 - 0x00007ffa78ea9000 	C:\Program Files\Java\jdk-14.0.1\bin\management.dll
0x00007ffa78e90000 - 0x00007ffa78e9b000 	C:\Program Files\Java\jdk-14.0.1\bin\management_ext.dll
0x00007ffa5b500000 - 0x00007ffa5b517000 	C:\WINDOWS\system32\napinsp.dll
0x00007ffa5b4e0000 - 0x00007ffa5b4fb000 	C:\WINDOWS\system32\pnrpnsp.dll
0x00007ffa5b020000 - 0x00007ffa5b035000 	C:\WINDOWS\system32\wshbth.dll
0x00007ffa793e0000 - 0x00007ffa793fd000 	C:\WINDOWS\system32\NLAapi.dll
0x00007ffa81090000 - 0x00007ffa810cb000 	C:\WINDOWS\SYSTEM32\IPHLPAPI.DLL
0x00007ffa81120000 - 0x00007ffa811eb000 	C:\WINDOWS\SYSTEM32\DNSAPI.dll
0x00007ffa83080000 - 0x00007ffa83088000 	C:\WINDOWS\System32\NSI.dll
0x00007ffa5a760000 - 0x00007ffa5a772000 	C:\WINDOWS\System32\winrnr.dll
0x00007ffa69dc0000 - 0x00007ffa69dca000 	C:\Windows\System32\rasadhlp.dll
0x00007ffa66420000 - 0x00007ffa664a0000 	C:\WINDOWS\System32\fwpuclnt.dll
0x00007ffa821a0000 - 0x00007ffa821c7000 	C:\WINDOWS\System32\bcrypt.dll
0x00007ffa81590000 - 0x00007ffa815a8000 	C:\WINDOWS\SYSTEM32\CRYPTSP.dll
0x00007ffa80d20000 - 0x00007ffa80d54000 	C:\WINDOWS\system32\rsaenh.dll
0x00007ffa81b70000 - 0x00007ffa81b9e000 	C:\WINDOWS\SYSTEM32\USERENV.dll
0x00007ffa815b0000 - 0x00007ffa815bc000 	C:\WINDOWS\SYSTEM32\CRYPTBASE.dll
0x00007ffa782d0000 - 0x00007ffa782e7000 	C:\WINDOWS\SYSTEM32\dhcpcsvc6.DLL
0x00007ffa784a0000 - 0x00007ffa784bd000 	C:\WINDOWS\SYSTEM32\dhcpcsvc.DLL
0x00007ffa49c60000 - 0x00007ffa49c85000 	C:\Program Files\Java\jdk-14.0.1\bin\sunec.dll
0x00007ffa68e40000 - 0x00007ffa68e4e000 	C:\Program Files\Java\jdk-14.0.1\bin\sunmscapi.dll
0x00007ffa82400000 - 0x00007ffa82556000 	C:\WINDOWS\System32\CRYPT32.dll
0x00007ffa816b0000 - 0x00007ffa816d7000 	C:\WINDOWS\SYSTEM32\ncrypt.dll
0x00007ffa81670000 - 0x00007ffa816ab000 	C:\WINDOWS\SYSTEM32\NTASN1.dll

dbghelp: loaded successfully - version: 4.0.5 - missing functions: none
symbol engine: initialized successfully - sym options: 0x614 - pdb path: .;C:\Program Files\Java\jdk-14.0.1\bin;C:\WINDOWS\SYSTEM32;C:\WINDOWS\WinSxS\amd64_microsoft.windows.common-controls_6595b64144ccf1df_6.0.19041.1110_none_60b5254171f9507e;C:\Program Files\Java\jdk-14.0.1\bin\server;C:\Program Files\JetBrains\IntelliJ IDEA Community Edition 2022.1.3\bin

VM Arguments:
jvm_args: -javaagent:C:\Program Files\JetBrains\IntelliJ IDEA Community Edition 2022.1.3\lib\idea_rt.jar=54266:C:\Program Files\JetBrains\IntelliJ IDEA Community Edition 2022.1.3\bin -Dfile.encoding=UTF-8 
java_command: com.excel.data.ExcelDataImportAndViewApplication
java_class_path (initial): C:\Spring Boot Project\ExceldataImportAndView\target\classes;C:\Users\vikram\.m2\repository\org\springframework\boot\spring-boot-starter-data-jpa\2.3.4.RELEASE\spring-boot-starter-data-jpa-2.3.4.RELEASE.jar;C:\Users\vikram\.m2\repository\org\springframework\boot\spring-boot-starter-aop\2.3.4.RELEASE\spring-boot-starter-aop-2.3.4.RELEASE.jar;C:\Users\vikram\.m2\repository\org\springframework\spring-aop\5.2.9.RELEASE\spring-aop-5.2.9.RELEASE.jar;C:\Users\vikram\.m2\repository\org\aspectj\aspectjweaver\1.9.6\aspectjweaver-1.9.6.jar;C:\Users\vikram\.m2\repository\org\springframework\boot\spring-boot-starter-jdbc\2.3.4.RELEASE\spring-boot-starter-jdbc-2.3.4.RELEASE.jar;C:\Users\vikram\.m2\repository\com\zaxxer\HikariCP\3.4.5\HikariCP-3.4.5.jar;C:\Users\vikram\.m2\repository\org\springframework\spring-jdbc\5.2.9.RELEASE\spring-jdbc-5.2.9.RELEASE.jar;C:\Users\vikram\.m2\repository\jakarta\transaction\jakarta.transaction-api\1.3.3\jakarta.transaction-api-1.3.3.jar;C:\Users\vikram\.m2\repository\jakarta\persistence\jakarta.persistence-api\2.2.3\jakarta.persistence-api-2.2.3.jar;C:\Users\vikram\.m2\repository\org\hibernate\hibernate-core\5.4.21.Final\hibernate-core-5.4.21.Final.jar;C:\Users\vikram\.m2\repository\org\jboss\logging\jboss-logging\3.4.1.Final\jboss-logging-3.4.1.Final.jar;C:\Users\vikram\.m2\repository\org\javassist\javassist\3.24.0-GA\javassist-3.24.0-GA.jar;C:\Users\vikram\.m2\repository\net\bytebuddy\byte-buddy\1.10.14\byte-buddy-1.10.14.jar;C:\Users\vikram\.m2\repository\antlr\antlr\2.7.7\antlr-2.7.7.jar;C:\Users\vikram\.m2\repository\org\jboss\jandex\2.1.3.Final\jandex-2.1.3.Final.jar;C:\Users\vikram\.m2\repository\com\fasterxml\classmate\1.5.1\classmate-1.5.1.jar;C:\Users\vikram\.m2\repository\org\dom4j\dom4j\2.1.3\dom4j-2.1.3.jar;C:\Users\vikram\.m2\repository\org\hibernate\common\hibernate-commons-annotations\5.1.0.Final\hibernate-commons-annotations-5.1.0.Final.jar;C:\Users\vikram\.m2\repository\org\glassfish\jaxb\jaxb-runtim
Launcher Type: SUN_STANDARD

[Global flags]
     intx CICompilerCount                          = 4                                         {product} {ergonomic}
     uint ConcGCThreads                            = 2                                         {product} {ergonomic}
     uint G1ConcRefinementThreads                  = 8                                         {product} {ergonomic}
   size_t G1HeapRegionSize                         = 1048576                                   {product} {ergonomic}
    uintx GCDrainStackTargetSize                   = 64                                        {product} {ergonomic}
   size_t InitialHeapSize                          = 132120576                                 {product} {ergonomic}
   size_t MarkStackSize                            = 4194304                                   {product} {ergonomic}
   size_t MaxHeapSize                              = 2097152000                                {product} {ergonomic}
   size_t MaxNewSize                               = 1258291200                                {product} {ergonomic}
   size_t MinHeapDeltaBytes                        = 1048576                                   {product} {ergonomic}
   size_t MinHeapSize                              = 8388608                                   {product} {ergonomic}
    uintx NonNMethodCodeHeapSize                   = 5839372                                {pd product} {ergonomic}
    uintx NonProfiledCodeHeapSize                  = 122909434                              {pd product} {ergonomic}
    uintx ProfiledCodeHeapSize                     = 122909434                              {pd product} {ergonomic}
    uintx ReservedCodeCacheSize                    = 251658240                              {pd product} {ergonomic}
     bool SegmentedCodeCache                       = true                                      {product} {ergonomic}
   size_t SoftMaxHeapSize                          = 2097152000                             {manageable} {ergonomic}
     bool UseCompressedClassPointers               = true                                 {lp64_product} {ergonomic}
     bool UseCompressedOops                        = true                                 {lp64_product} {ergonomic}
     bool UseG1GC                                  = true                                      {product} {ergonomic}
     bool UseLargePagesIndividualAllocation        = false                                  {pd product} {ergonomic}

Logging:
Log output configuration:
 #0: stdout all=warning uptime,level,tags
 #1: stderr all=off uptime,level,tags

Environment Variables:
JAVA_HOME=C:\Program Files\Java\jdk-14.0.1
PATH=C:\WINDOWS\system32;C:\Program Files\Java\jdk-14.0.1\bin;C:\Program Files\nodejs\;C:\WINDOWS;C:\WINDOWS\System32\Wbem;C:\WINDOWS\System32\WindowsPowerShell\v1.0\;C:\WINDOWS\System32\OpenSSH\;C:\Program Files\TortoiseSVN\bin;C:\Program Files (x86)\SeleniumWrapper\cromedriver;C:\Program Files\MySQL\MySQL Shell 8.0\bin\;C:\Users\vikram\AppData\Local\Microsoft\WindowsApps;C:\Program Files\Java\jdk-14.0.1\bin;C:\WINDOWS\system32;C:\Users\vikram\AppData\Roaming\npm;C:\Users\vikram\AppData\Local\Programs\Microsoft VS Code\bin;C:\Program Files\nodejs;C:\Program Files (x86)\SeleniumWrapper\cromedriver;;C:\Program Files\JetBrains\IntelliJ IDEA Community Edition 2022.1.3\bin;
USERNAME=vikram
OS=Windows_NT
PROCESSOR_IDENTIFIER=Intel64 Family 6 Model 142 Stepping 12, GenuineIntel



---------------  S Y S T E M  ---------------

OS: Windows 10 , 64 bit Build 19041 (10.0.19041.1806)
OS uptime: 6 days 1:00 hours

CPU:total 8 (initial active 8) (4 cores per cpu, 2 threads per core) family 6 model 142 stepping 12, cmov, cx8, fxsr, mmx, sse, sse2, sse3, ssse3, sse4.1, sse4.2, popcnt, avx, avx2, aes, clmul, erms, 3dnowpref, lzcnt, ht, tsc, tscinvbit, bmi1, bmi2, adx, fma

Memory: 4k page, system-wide physical 7995M (1025M free)
TotalPageFile size 21079M (AvailPageFile size 414M)
current process WorkingSet (physical memory assigned to process): 47M, peak: 248M
current process commit charge ("private bytes"): 264M, peak: 288M

vm_info: Java HotSpot(TM) 64-Bit Server VM (14.0.1+7) for windows-amd64 JRE (14.0.1+7), built on Mar  5 2020 10:30:14 by "mach5one" with MS VC++ 15.9 (VS2017)

END.
